<?xml version="1.0" encoding="UTF-8"?>
<testng-results ignored="0" total="1" passed="1" failed="0" skipped="0">
  <reporter-output>
  </reporter-output>
  <suite started-at="2025-10-30T14:49:27 IST" name="Default suite" finished-at="2025-10-30T14:50:56 IST" duration-ms="88977">
    <groups>
    </groups>
    <test started-at="2025-10-30T14:49:27 IST" name="Default test" finished-at="2025-10-30T14:50:56 IST" duration-ms="88977">
      <class name="TestCases.TC007_OpenOrders">
        <test-method is-config="true" signature="loadConfigAndLogger()[pri:0, instance:TestCases.TC007_OpenOrders@6436a7db]" started-at="2025-10-30T14:49:27 IST" name="loadConfigAndLogger" finished-at="2025-10-30T14:49:27 IST" duration-ms="10" status="PASS">
          <reporter-output>
          </reporter-output>
        </test-method> <!-- loadConfigAndLogger -->
        <test-method is-config="true" signature="setup(java.lang.reflect.Method)[pri:0, instance:TestCases.TC007_OpenOrders@6436a7db]" started-at="2025-10-30T14:49:27 IST" name="setup" finished-at="2025-10-30T14:49:29 IST" duration-ms="1651" status="PASS">
          <params>
            <param index="0">
              <value>
                <![CDATA[public void TestCases.TC007_OpenOrders.uploadAndValidateProductionPlanner() throws java.lang.InterruptedException]]>
              </value>
            </param>
          </params>
          <reporter-output>
          </reporter-output>
        </test-method> <!-- setup -->
        <test-method signature="uploadAndValidateProductionPlanner()[pri:1, instance:TestCases.TC007_OpenOrders@6436a7db]" started-at="2025-10-30T14:49:29 IST" name="uploadAndValidateProductionPlanner" finished-at="2025-10-30T14:50:56 IST" duration-ms="87095" status="PASS">
          <reporter-output>
          </reporter-output>
        </test-method> <!-- uploadAndValidateProductionPlanner -->
        <test-method is-config="true" signature="teardown()[pri:0, instance:TestCases.TC007_OpenOrders@6436a7db]" started-at="2025-10-30T14:50:56 IST" name="teardown" finished-at="2025-10-30T14:50:56 IST" duration-ms="197" status="PASS">
          <reporter-output>
          </reporter-output>
        </test-method> <!-- teardown -->
        <test-method is-config="true" signature="generateReport()[pri:0, instance:TestCases.TC007_OpenOrders@6436a7db]" started-at="2025-10-30T14:50:56 IST" name="generateReport" finished-at="2025-10-30T14:50:56 IST" duration-ms="202" status="PASS">
          <reporter-output>
          </reporter-output>
        </test-method> <!-- generateReport -->
      </class> <!-- TestCases.TC007_OpenOrders -->
    </test> <!-- Default test -->
  </suite> <!-- Default suite -->
</testng-results>
